14:34:27.175 [main] INFO  com.testcases.AccountRegistrationTest - -----Starting test case-----
14:34:27.330 [main] INFO  com.testcases.AccountRegistrationTest - clicked on my account link
14:34:27.874 [main] INFO  com.testcases.AccountRegistrationTest - clicked on my register link
14:34:27.879 [main] INFO  com.testcases.AccountRegistrationTest - providing customer details
14:34:29.530 [main] INFO  com.testcases.AccountRegistrationTest - validating expected message
14:34:32.366 [main] INFO  com.testcases.LoginTest - ***** starting Login test case*******
14:34:34.019 [main] INFO  com.testcases.LoginTest - ***** finish Login test case*******
15:12:11.276 [main] INFO  com.testcases.AccountRegistrationTest - -----Starting test case-----
15:12:11.483 [main] INFO  com.testcases.AccountRegistrationTest - clicked on my account link
15:12:12.110 [main] INFO  com.testcases.AccountRegistrationTest - clicked on my register link
15:12:12.113 [main] INFO  com.testcases.AccountRegistrationTest - providing customer details
15:12:14.473 [main] INFO  com.testcases.AccountRegistrationTest - validating expected message
15:12:17.069 [main] INFO  com.testcases.LoginTest - ***** starting Login test case*******
15:12:19.163 [main] INFO  com.testcases.LoginTest - ***** finish Login test case*******
18:32:29.207 [main] INFO  com.testcases.AccountRegistrationTest - -----Starting test case-----
18:32:29.526 [main] INFO  com.testcases.AccountRegistrationTest - clicked on my account link
18:32:30.639 [main] INFO  com.testcases.AccountRegistrationTest - clicked on my register link
18:32:30.652 [main] INFO  com.testcases.AccountRegistrationTest - providing customer details
18:32:34.595 [main] INFO  com.testcases.AccountRegistrationTest - validating expected message
18:32:38.817 [main] INFO  com.testcases.LoginTest - ***** starting Login test case*******
18:32:41.583 [main] INFO  com.testcases.LoginTest - ***** finish Login test case*******
